{"C:\\Users\\Asror\\Desktop\\projects\\enigma-bot\\src\\axios\\geekJoke.js": {"path":"C:\\Users\\Asror\\Desktop\\projects\\enigma-bot\\src\\axios\\geekJoke.js","statementMap":{"0":{"start":{"line":1,"column":27},"end":{"line":1,"column":43}},"1":{"start":{"line":3,"column":0},"end":{"line":18,"column":2}},"2":{"start":{"line":4,"column":16},"end":{"line":4,"column":72}},"3":{"start":{"line":5,"column":20},"end":{"line":9,"column":5}},"4":{"start":{"line":10,"column":4},"end":{"line":17,"column":5}},"5":{"start":{"line":12,"column":25},"end":{"line":12,"column":54}},"6":{"start":{"line":13,"column":8},"end":{"line":13,"column":36}},"7":{"start":{"line":16,"column":8},"end":{"line":16,"column":27}}},"fnMap":{"0":{"name":"(anonymous_0)","decl":{"start":{"line":3,"column":17},"end":{"line":3,"column":18}},"loc":{"start":{"line":3,"column":29},"end":{"line":18,"column":1}},"line":3}},"branchMap":{},"s":{"0":2,"1":2,"2":3,"3":3,"4":3,"5":3,"6":2,"7":1},"f":{"0":3},"b":{},"_coverageSchema":"1a1c01bbd47fc00a2c39e90264f33305004495a9","hash":"5aff533e07e4ca82568996ea2d54bbe47fb21a41"}
,"C:\\Users\\Asror\\Desktop\\projects\\enigma-bot\\src\\axios\\googleSearch.js": {"path":"C:\\Users\\Asror\\Desktop\\projects\\enigma-bot\\src\\axios\\googleSearch.js","statementMap":{"0":{"start":{"line":1,"column":27},"end":{"line":1,"column":43}},"1":{"start":{"line":2,"column":42},"end":{"line":2,"column":67}},"2":{"start":{"line":4,"column":0},"end":{"line":21,"column":1}},"3":{"start":{"line":5,"column":16},"end":{"line":10,"column":47}},"4":{"start":{"line":11,"column":20},"end":{"line":13,"column":5}},"5":{"start":{"line":14,"column":4},"end":{"line":20,"column":5}},"6":{"start":{"line":15,"column":25},"end":{"line":15,"column":54}},"7":{"start":{"line":16,"column":8},"end":{"line":16,"column":40}},"8":{"start":{"line":19,"column":8},"end":{"line":19,"column":27}}},"fnMap":{"0":{"name":"(anonymous_0)","decl":{"start":{"line":4,"column":17},"end":{"line":4,"column":18}},"loc":{"start":{"line":4,"column":34},"end":{"line":21,"column":1}},"line":4}},"branchMap":{},"s":{"0":2,"1":2,"2":2,"3":3,"4":3,"5":3,"6":3,"7":2,"8":2},"f":{"0":3},"b":{},"_coverageSchema":"1a1c01bbd47fc00a2c39e90264f33305004495a9","hash":"6b26b80f9f80febf2905f0ed42618f2615660fa2"}
,"C:\\Users\\Asror\\Desktop\\projects\\enigma-bot\\src\\axios\\index.js": {"path":"C:\\Users\\Asror\\Desktop\\projects\\enigma-bot\\src\\axios\\index.js","statementMap":{"0":{"start":{"line":1,"column":0},"end":{"line":4,"column":1}}},"fnMap":{},"branchMap":{},"s":{"0":2},"f":{},"b":{},"_coverageSchema":"1a1c01bbd47fc00a2c39e90264f33305004495a9","hash":"6d2d348261cbf19f16a23e3f78f65ab680ae922a"}
,"C:\\Users\\Asror\\Desktop\\projects\\enigma-bot\\src\\random\\index.js": {"path":"C:\\Users\\Asror\\Desktop\\projects\\enigma-bot\\src\\random\\index.js","statementMap":{"0":{"start":{"line":11,"column":0},"end":{"line":11,"column":74}},"1":{"start":{"line":11,"column":29},"end":{"line":11,"column":74}},"2":{"start":{"line":22,"column":0},"end":{"line":22,"column":63}},"3":{"start":{"line":22,"column":31},"end":{"line":22,"column":63}},"4":{"start":{"line":24,"column":0},"end":{"line":27,"column":1}}},"fnMap":{"0":{"name":"(anonymous_0)","decl":{"start":{"line":11,"column":15},"end":{"line":11,"column":16}},"loc":{"start":{"line":11,"column":29},"end":{"line":11,"column":74}},"line":11},"1":{"name":"(anonymous_1)","decl":{"start":{"line":22,"column":17},"end":{"line":22,"column":18}},"loc":{"start":{"line":22,"column":31},"end":{"line":22,"column":63}},"line":22}},"branchMap":{"0":{"loc":{"start":{"line":22,"column":18},"end":{"line":22,"column":26}},"type":"default-arg","locations":[{"start":{"line":22,"column":24},"end":{"line":22,"column":26}}],"line":22}},"s":{"0":1,"1":0,"2":1,"3":0,"4":1},"f":{"0":0,"1":0},"b":{"0":[0]},"_coverageSchema":"1a1c01bbd47fc00a2c39e90264f33305004495a9","hash":"a1bff10341d2c3be9c075428bcff4f8465a954a8"}
}
