{"C:\\Users\\Asror\\Desktop\\projects\\enigma-bot\\src\\axios\\index.js": {"path":"C:\\Users\\Asror\\Desktop\\projects\\enigma-bot\\src\\axios\\index.js","statementMap":{"0":{"start":{"line":1,"column":0},"end":{"line":4,"column":1}}},"fnMap":{},"branchMap":{},"s":{"0":2},"f":{},"b":{},"_coverageSchema":"1a1c01bbd47fc00a2c39e90264f33305004495a9","hash":"6d2d348261cbf19f16a23e3f78f65ab680ae922a"}
,"C:\\Users\\Asror\\Desktop\\projects\\enigma-bot\\src\\random\\index.js": {"path":"C:\\Users\\Asror\\Desktop\\projects\\enigma-bot\\src\\random\\index.js","statementMap":{"0":{"start":{"line":11,"column":0},"end":{"line":11,"column":74}},"1":{"start":{"line":11,"column":29},"end":{"line":11,"column":74}},"2":{"start":{"line":22,"column":0},"end":{"line":22,"column":63}},"3":{"start":{"line":22,"column":31},"end":{"line":22,"column":63}},"4":{"start":{"line":24,"column":0},"end":{"line":27,"column":1}}},"fnMap":{"0":{"name":"(anonymous_0)","decl":{"start":{"line":11,"column":15},"end":{"line":11,"column":16}},"loc":{"start":{"line":11,"column":29},"end":{"line":11,"column":74}},"line":11},"1":{"name":"(anonymous_1)","decl":{"start":{"line":22,"column":17},"end":{"line":22,"column":18}},"loc":{"start":{"line":22,"column":31},"end":{"line":22,"column":63}},"line":22}},"branchMap":{"0":{"loc":{"start":{"line":22,"column":18},"end":{"line":22,"column":26}},"type":"default-arg","locations":[{"start":{"line":22,"column":24},"end":{"line":22,"column":26}}],"line":22}},"s":{"0":1,"1":320,"2":1,"3":100,"4":1},"f":{"0":320,"1":100},"b":{"0":[0]},"_coverageSchema":"1a1c01bbd47fc00a2c39e90264f33305004495a9","hash":"a1bff10341d2c3be9c075428bcff4f8465a954a8"}
}
