TN:
SF:src\axios\geekJoke.js
FN:3,(anonymous_0)
FNF:1
FNH:1
FNDA:3,(anonymous_0)
DA:1,2
DA:3,2
DA:4,3
DA:5,3
DA:10,3
DA:12,3
DA:13,2
DA:16,1
LF:8
LH:8
BRF:0
BRH:0
end_of_record
TN:
SF:src\axios\googleSearch.js
FN:4,(anonymous_0)
FNF:1
FNH:1
FNDA:3,(anonymous_0)
DA:1,2
DA:2,2
DA:4,2
DA:5,3
DA:11,3
DA:14,3
DA:15,3
DA:16,2
DA:19,2
LF:9
LH:9
BRF:0
BRH:0
end_of_record
TN:
SF:src\axios\index.js
FNF:0
FNH:0
DA:1,2
LF:1
LH:1
BRF:0
BRH:0
end_of_record
TN:
SF:src\random\index.js
FN:11,(anonymous_0)
FN:22,(anonymous_1)
FNF:2
FNH:0
FNDA:0,(anonymous_0)
FNDA:0,(anonymous_1)
DA:11,1
DA:22,1
DA:24,1
LF:3
LH:3
BRDA:22,0,0,0
BRF:1
BRH:0
end_of_record
