TN:
SF:src\util\EnigmaBot.js
FN:64,(anonymous_0)
FN:66,(anonymous_1)
FN:74,(anonymous_2)
FN:79,(anonymous_3)
FN:99,(anonymous_4)
FN:112,(anonymous_5)
FN:129,(anonymous_6)
FN:137,(anonymous_7)
FNF:8
FNH:3
FNDA:103,(anonymous_0)
FNDA:0,(anonymous_1)
FNDA:0,(anonymous_2)
FNDA:0,(anonymous_3)
FNDA:1,(anonymous_4)
FNDA:0,(anonymous_5)
FNDA:0,(anonymous_6)
FNDA:3,(anonymous_7)
DA:1,1
DA:4,3
DA:13,3
DA:24,3
DA:33,3
DA:42,3
DA:64,103
DA:66,3
DA:67,0
DA:68,0
DA:69,0
DA:71,0
DA:74,0
DA:76,0
DA:77,0
DA:78,0
DA:79,0
DA:80,0
DA:81,0
DA:82,0
DA:85,0
DA:88,0
DA:99,3
DA:112,3
DA:113,0
DA:114,0
DA:115,0
DA:117,0
DA:129,3
DA:130,0
DA:131,0
DA:132,0
DA:133,0
DA:135,0
DA:138,3
DA:139,3
DA:140,3
DA:141,3
DA:142,3
DA:145,1
LF:40
LH:17
BRDA:74,0,0,0
BRDA:74,0,1,0
BRDA:76,1,0,0
BRDA:76,1,1,0
BRDA:80,2,0,0
BRDA:80,2,1,0
BRF:6
BRH:0
end_of_record
